<?xml version="1.0" encoding="UTF-8"?>
<testng-results ignored="0" total="1" passed="1" failed="0" skipped="0">
  <reporter-output>
  </reporter-output>
  <suite started-at="2024-03-16T13:31:47 IST" name="Default suite" finished-at="2024-03-16T13:32:05 IST" duration-ms="17879">
    <groups>
      <group name="cucumber">
        <method signature="AbstractTestNGCucumberTests.runScenario(io.cucumber.testng.PickleWrapper,io.cucumber.testng.FeatureWrapper)[pri:0, instance:Org.testrunner.ReRunFailedTests@76b07f29]" name="runScenario" class="io.cucumber.testng.AbstractTestNGCucumberTests"/>
      </group> <!-- cucumber -->
    </groups>
    <test started-at="2024-03-16T13:31:47 IST" name="Default test" finished-at="2024-03-16T13:32:05 IST" duration-ms="17879">
      <class name="Org.testrunner.ReRunFailedTests">
        <test-method is-config="true" signature="setUpClass(org.testng.ITestContext)[pri:0, instance:Org.testrunner.ReRunFailedTests@76b07f29]" started-at="2024-03-16T13:31:47 IST" name="setUpClass" finished-at="2024-03-16T13:31:49 IST" duration-ms="1057" status="PASS">
          <params>
            <param index="0">
              <value>
                <![CDATA[org.testng.TestRunner@6a638c79]]>
              </value>
            </param>
          </params>
          <reporter-output>
          </reporter-output>
        </test-method> <!-- setUpClass -->
        <test-method signature="runScenario(io.cucumber.testng.PickleWrapper,io.cucumber.testng.FeatureWrapper)[pri:0, instance:Org.testrunner.ReRunFailedTests@76b07f29]" started-at="2024-03-16T13:31:49 IST" name="runScenario" description="Runs Cucumber Scenarios" data-provider="scenarios" finished-at="2024-03-16T13:32:05 IST" duration-ms="16135" status="PASS">
          <params>
            <param index="0">
              <value>
                <![CDATA["Title of your scenario4"]]>
              </value>
            </param>
            <param index="1">
              <value>
                <![CDATA["Title of your feature"]]>
              </value>
            </param>
          </params>
          <reporter-output>
          </reporter-output>
        </test-method> <!-- runScenario -->
        <test-method is-config="true" signature="tearDownClass()[pri:0, instance:Org.testrunner.ReRunFailedTests@76b07f29]" started-at="2024-03-16T13:32:05 IST" name="tearDownClass" finished-at="2024-03-16T13:32:05 IST" duration-ms="612" status="PASS">
          <reporter-output>
          </reporter-output>
        </test-method> <!-- tearDownClass -->
      </class> <!-- Org.testrunner.ReRunFailedTests -->
    </test> <!-- Default test -->
  </suite> <!-- Default suite -->
</testng-results>
